<project>
	<build>
		<plugins>
			<plugin>
				<artifactId>officefloor-maven-plugin</artifactId>
				<configuration />
			</plugin>
		</plugins>
	</build>
</project>